# JRE version: OpenJDK Runtime Environment (17.0.6) (build 17.0.6+0-b2043.56-10027231)
# Java VM: OpenJDK 64-Bit Server VM (17.0.6+0-b2043.56-10027231, mixed mode, tiered, compressed oops, compressed class ptrs, g1 gc, windows-amd64)
GC Precious Log:
 CPUs: 8 total, 8 available
 Memory: 7987M
 Large Page Support: Disabled
 NUMA Support: Disabled
 Compressed Oops: Enabled (32-bit)
 Heap Region Size: 1M
 Heap Min Capacity: 8M
 Heap Initial Capacity: 126M
 Heap Max Capacity: 2G
 Pre-touch: Disabled
 Parallel Workers: 8
 Concurrent Workers: 2
 Concurrent Refinement Workers: 8
 Periodic GC: Disabled
Heap:
 garbage-first heap   total 326656K, used 224636K [0x0000000080000000, 0x0000000100000000)
  region size 1024K, 6 young (6144K), 6 survivors (6144K)
 Metaspace       used 140871K, committed 141888K, reserved 1179648K
  class space    used 18837K, committed 19328K, reserved 1048576K
GC Heap History (20 events):
Event: 1753.241 GC heap after
{Heap after GC invocations=69 (full 0):
 garbage-first heap   total 297984K, used 128151K [0x0000000080000000, 0x0000000100000000)
  region size 1024K, 11 young (11264K), 11 survivors (11264K)
 Metaspace       used 138076K, committed 139008K, reserved 1171456K
  class space    used 18572K, committed 19008K, reserved 1048576K
}
Event: 1754.370 GC heap before
{Heap before GC invocations=70 (full 0):
 garbage-first heap   total 297984K, used 237719K [0x0000000080000000, 0x0000000100000000)
  region size 1024K, 116 young (118784K), 11 survivors (11264K)
 Metaspace       used 138269K, committed 139264K, reserved 1171456K
  class space    used 18577K, committed 19072K, reserved 1048576K
}
Event: 1754.376 GC heap after
{Heap after GC invocations=71 (full 0):
 garbage-first heap   total 297984K, used 132297K [0x0000000080000000, 0x0000000100000000)
  region size 1024K, 4 young (4096K), 4 survivors (4096K)
 Metaspace       used 138269K, committed 139264K, reserved 1171456K
  class space    used 18577K, committed 19072K, reserved 1048576K
}
Event: 1754.651 GC heap before
{Heap before GC invocations=71 (full 0):
 garbage-first heap   total 297984K, used 141513K [0x0000000080000000, 0x0000000100000000)
  region size 1024K, 14 young (14336K), 4 survivors (4096K)
 Metaspace       used 138271K, committed 139264K, reserved 1171456K
  class space    used 18577K, committed 19072K, reserved 1048576K
}
Event: 1754.656 GC heap after
{Heap after GC invocations=72 (full 0):
 garbage-first heap   total 297984K, used 127719K [0x0000000080000000, 0x0000000100000000)
  region size 1024K, 2 young (2048K), 2 survivors (2048K)
 Metaspace       used 138271K, committed 139264K, reserved 1171456K
  class space    used 18577K, committed 19072K, reserved 1048576K
}
Event: 1756.237 GC heap before
{Heap before GC invocations=72 (full 0):
 garbage-first heap   total 297984K, used 173799K [0x0000000080000000, 0x0000000100000000)
  region size 1024K, 49 young (50176K), 2 survivors (2048K)
 Metaspace       used 140160K, committed 141184K, reserved 1171456K
  class space    used 18827K, committed 19328K, reserved 1048576K
}
Event: 1756.242 GC heap after
{Heap after GC invocations=73 (full 0):
 garbage-first heap   total 297984K, used 131740K [0x0000000080000000, 0x0000000100000000)
  region size 1024K, 6 young (6144K), 6 survivors (6144K)
 Metaspace       used 140160K, committed 141184K, reserved 1171456K
  class space    used 18827K, committed 19328K, reserved 1048576K
}
Event: 1756.474 GC heap before
{Heap before GC invocations=74 (full 0):
 garbage-first heap   total 297984K, used 242332K [0x0000000080000000, 0x0000000100000000)
  region size 1024K, 113 young (115712K), 6 survivors (6144K)
 Metaspace       used 140618K, committed 141632K, reserved 1171456K
  class space    used 18836K, committed 19328K, reserved 1048576K
}
Event: 1756.485 GC heap after
{Heap after GC invocations=75 (full 0):
 garbage-first heap   total 297984K, used 152055K [0x0000000080000000, 0x0000000100000000)
  region size 1024K, 15 young (15360K), 15 survivors (15360K)
 Metaspace       used 140618K, committed 141632K, reserved 1171456K
  class space    used 18836K, committed 19328K, reserved 1048576K
}
Event: 1756.488 GC heap before
{Heap before GC invocations=75 (full 0):
 garbage-first heap   total 297984K, used 153079K [0x0000000080000000, 0x0000000100000000)
  region size 1024K, 16 young (16384K), 15 survivors (15360K)
 Metaspace       used 140624K, committed 141632K, reserved 1171456K
  class space    used 18836K, committed 19328K, reserved 1048576K
}
Event: 1756.499 GC heap after
{Heap after GC invocations=76 (full 0):
 garbage-first heap   total 297984K, used 152898K [0x0000000080000000, 0x0000000100000000)
  region size 1024K, 2 young (2048K), 2 survivors (2048K)
 Metaspace       used 140624K, committed 141632K, reserved 1171456K
  class space    used 18836K, committed 19328K, reserved 1048576K
}
Event: 1756.565 GC heap before
{Heap before GC invocations=76 (full 0):
 garbage-first heap   total 297984K, used 236866K [0x0000000080000000, 0x0000000100000000)
  region size 1024K, 84 young (86016K), 2 survivors (2048K)
 Metaspace       used 140686K, committed 141696K, reserved 1171456K
  class space    used 18836K, committed 19328K, reserved 1048576K
}
Event: 1756.573 GC heap after
{Heap after GC invocations=77 (full 0):
 garbage-first heap   total 297984K, used 169984K [0x0000000080000000, 0x0000000100000000)
  region size 1024K, 11 young (11264K), 11 survivors (11264K)
 Metaspace       used 140686K, committed 141696K, reserved 1171456K
  class space    used 18836K, committed 19328K, reserved 1048576K
}
Event: 1756.692 GC heap before
{Heap before GC invocations=77 (full 0):
 garbage-first heap   total 297984K, used 237568K [0x0000000080000000, 0x0000000100000000)
  region size 1024K, 78 young (79872K), 11 survivors (11264K)
 Metaspace       used 140749K, committed 141760K, reserved 1179648K
  class space    used 18837K, committed 19328K, reserved 1048576K
}
Event: 1756.699 GC heap after
{Heap after GC invocations=78 (full 0):
 garbage-first heap   total 297984K, used 175206K [0x0000000080000000, 0x0000000100000000)
  region size 1024K, 6 young (6144K), 6 survivors (6144K)
 Metaspace       used 140749K, committed 141760K, reserved 1179648K
  class space    used 18837K, committed 19328K, reserved 1048576K
}
Event: 1757.888 GC heap before
{Heap before GC invocations=79 (full 0):
 garbage-first heap   total 326656K, used 295014K [0x0000000080000000, 0x0000000100000000)
  region size 1024K, 70 young (71680K), 6 survivors (6144K)
 Metaspace       used 140871K, committed 141888K, reserved 1179648K
  class space    used 18837K, committed 19328K, reserved 1048576K
}
Event: 1757.898 GC heap after
{Heap after GC invocations=80 (full 0):
 garbage-first heap   total 326656K, used 219770K [0x0000000080000000, 0x0000000100000000)
  region size 1024K, 9 young (9216K), 9 survivors (9216K)
 Metaspace       used 140871K, committed 141888K, reserved 1179648K
  class space    used 18837K, committed 19328K, reserved 1048576K
}
Event: 1757.917 GC heap before
{Heap before GC invocations=80 (full 0):
 garbage-first heap   total 326656K, used 224890K [0x0000000080000000, 0x0000000100000000)
  region size 1024K, 15 young (15360K), 9 survivors (9216K)
 Metaspace       used 140871K, committed 141888K, reserved 1179648K
  class space    used 18837K, committed 19328K, reserved 1048576K
}
Event: 1757.926 GC heap after
{Heap after GC invocations=81 (full 0):
 garbage-first heap   total 326656K, used 221344K [0x0000000080000000, 0x0000000100000000)
  region size 1024K, 2 young (2048K), 2 survivors (2048K)
 Metaspace       used 140871K, committed 141888K, reserved 1179648K
  class space    used 18837K, committed 19328K, reserved 1048576K
}
Event: 1757.942 GC heap before
{Heap before GC invocations=81 (full 0):
 garbage-first heap   total 326656K, used 228512K [0x0000000080000000, 0x0000000100000000)
  region size 1024K, 10 young (10240K), 2 survivors (2048K)
 Metaspace       used 140871K, committed 141888K, reserved 1179648K
  class space    used 18837K, committed 19328K, reserved 1048576K
}

